[2018-06-09 16:31:57] [info] Start Program:
Path:"C:\Users\Catalin\Desktop\#WORK\#C\SDA\Debug\SDA.exe"
Arguments:
Working directory: "C:\Users\Catalin\Desktop\#WORK\#C\SDA\SDA\"
Modules: Selected: C:\Users\Catalin\Desktop\#WORK\#C\SDA\Debug\SDA.exe Excluded: 
Sources: Selected: C:\Users\Catalin\Desktop\#WORK\#C\SDA\SDA Excluded: 
Log Level: Normal
Cover Children: 0
Aggregate by file: 1
Continue after C++ exception: 0
Optimized build support: 0
Export: Binary C:\Users\Catalin\AppData\Local\Temp\c22a1uet.ku0 
Input coverage: 
Unified diff: 
Excluded line regular expressions: 

[2018-06-09 16:31:58] [info] Module: C:\Users\Catalin\Desktop\#WORK\#C\SDA\Debug\SDA.exe is selected because it matches selected pattern: C:\Users\Catalin\Desktop\#WORK\#C\SDA\Debug\SDA.exe
[2018-06-09 16:31:58] [info] Module: C:\Windows\SysWOW64\ntdll.dll is skipped because it matches no selected patterns
[2018-06-09 16:31:58] [info] Module: C:\Windows\SysWOW64\kernel32.dll is skipped because it matches no selected patterns
[2018-06-09 16:31:58] [info] Module: C:\Windows\SysWOW64\KernelBase.dll is skipped because it matches no selected patterns
[2018-06-09 16:31:58] [info] Module: C:\Windows\SysWOW64\msvcp140d.dll is skipped because it matches no selected patterns
[2018-06-09 16:31:58] [info] Module: C:\Windows\SysWOW64\vcruntime140d.dll is skipped because it matches no selected patterns
[2018-06-09 16:31:58] [info] Module: C:\Windows\SysWOW64\ucrtbased.dll is skipped because it matches no selected patterns
[2018-06-09 16:31:58] [info] Module: C:\Windows\SysWOW64\ucrtbased.dll is skipped because it matches no selected patterns
[2018-06-09 16:31:58] [info] Module: C:\Windows\SysWOW64\ucrtbased.dll is skipped because it matches no selected patterns
[2018-06-09 16:31:59] [info] Module: C:\Windows\SysWOW64\kernel.appcore.dll is skipped because it matches no selected patterns
[2018-06-09 16:31:59] [info] Module: C:\Windows\SysWOW64\msvcrt.dll is skipped because it matches no selected patterns
[2018-06-09 16:31:59] [info] Module: C:\Windows\SysWOW64\rpcrt4.dll is skipped because it matches no selected patterns
[2018-06-09 16:31:59] [info] Module: C:\Windows\SysWOW64\sspicli.dll is skipped because it matches no selected patterns
[2018-06-09 16:31:59] [info] Module: C:\Windows\SysWOW64\cryptbase.dll is skipped because it matches no selected patterns
[2018-06-09 16:31:59] [info] Module: C:\Windows\SysWOW64\bcryptprimitives.dll is skipped because it matches no selected patterns
[2018-06-09 16:31:59] [info] Module: C:\Windows\SysWOW64\sechost.dll is skipped because it matches no selected patterns
[2018-06-09 16:31:59] [info] ----------------------------------------------------
[2018-06-09 16:31:59] [info] Coverage binary generated in file: C:\Users\Catalin\AppData\Local\Temp\c22a1uet.ku0
[2018-06-09 16:31:59] [info] ----------------------------------------------------
